app/build/outputs/logs/manifest-merger-debug-report.txt
-- Merging decision tree log ---
manifest
ADDED from src/main/AndroidManifest.xml:17:1-40:12
INJECTED from src/main/AndroidManifest.xml:17:1-40:12
INJECTED from src/main/AndroidManifest.xml:17:1-40:12
INJECTED from src/main/AndroidManifest.xml:17:1-40:12
MERGED from src/main/AndroidManifest.xml:17:1-40:12
MERGED from [com.android.databinding:adapters:3.3.0-alpha04] AndroidManifest.xml:17:1-24:12
MERGED from [com.android.databinding:library:3.3.0-alpha04] AndroidManifest.xml:17:1-24:12
MERGED from [com.android.support:design:27.1.1] AndroidManifest.xml:17:1-22:12
MERGED from [com.google.dagger:dagger-android-support:2.15] AndroidManifest.xml:17:1-22:12
MERGED from [com.android.support:appcompat-v7:27.1.1] AndroidManifest.xml:17:1-22:12
MERGED from [com.android.support:recyclerview-v7:27.1.1] AndroidManifest.xml:17:1-22:12
MERGED from [com.android.support:cardview-v7:27.1.1] AndroidManifest.xml:17:1-22:12
MERGED from [android.arch.navigation:navigation-fragment-ktx:1.0.0-alpha04] AndroidManifest.xml:17:1-22:12
MERGED from [android.arch.persistence.room:runtime:1.1.1] AndroidManifest.xml:17:1-22:12
MERGED from [android.arch.lifecycle:extensions:1.1.1] AndroidManifest.xml:17:1-30:12
MERGED from [com.github.bumptech.glide:glide:4.7.1] AndroidManifest.xml:2:1-13:12
MERGED from [com.android.support:support-v4:27.1.1] AndroidManifest.xml:17:1-22:12
MERGED from [android.arch.navigation:navigation-fragment:1.0.0-alpha04] AndroidManifest.xml:17:1-22:12
MERGED from [com.android.support:support-fragment:27.1.1] AndroidManifest.xml:17:1-22:12
MERGED from [com.android.support:animated-vector-drawable:27.1.1] AndroidManifest.xml:17:1-22:12
MERGED from [com.android.support:support-core-ui:27.1.1] AndroidManifest.xml:17:1-22:12
MERGED from [android.arch.navigation:navigation-runtime-ktx:1.0.0-alpha04] AndroidManifest.xml:17:1-22:12
MERGED from [android.arch.navigation:navigation-runtime:1.0.0-alpha04] AndroidManifest.xml:17:1-22:12
MERGED from [com.android.support:support-core-utils:27.1.1] AndroidManifest.xml:17:1-22:12
MERGED from [com.android.support:support-vector-drawable:27.1.1] AndroidManifest.xml:17:1-22:12
MERGED from [com.android.support:transition:27.1.1] AndroidManifest.xml:17:1-22:12
MERGED from [com.android.support:support-media-compat:27.1.1] AndroidManifest.xml:17:1-22:12
MERGED from [android.arch.navigation:navigation-common-ktx:1.0.0-alpha04] AndroidManifest.xml:17:1-22:12
MERGED from [android.arch.navigation:navigation-common:1.0.0-alpha04] AndroidManifest.xml:17:1-22:12
MERGED from [com.android.support:support-compat:27.1.1] AndroidManifest.xml:17:1-22:12
MERGED from [android.arch.lifecycle:runtime:1.1.1] AndroidManifest.xml:17:1-22:12
MERGED from [com.google.dagger:dagger-android:2.15] AndroidManifest.xml:17:1-22:12
MERGED from [com.android.support.constraint:constraint-layout:1.0.2] AndroidManifest.xml:2:1-11:12
MERGED from [com.jakewharton.timber:timber:4.5.1] AndroidManifest.xml:2:1-10:12
MERGED from [android.arch.persistence:db-framework:1.1.1] AndroidManifest.xml:17:1-22:12
MERGED from [android.arch.persistence:db:1.1.1] AndroidManifest.xml:17:1-22:12
MERGED from [android.arch.lifecycle:livedata:1.1.1] AndroidManifest.xml:17:1-22:12
MERGED from [android.arch.lifecycle:livedata-core:1.1.1] AndroidManifest.xml:17:1-22:12
MERGED from [android.arch.core:runtime:1.1.1] AndroidManifest.xml:17:1-22:12
MERGED from [android.arch.lifecycle:viewmodel:1.1.1] AndroidManifest.xml:17:1-22:12
MERGED from [com.github.bumptech.glide:gifdecoder:4.7.1] AndroidManifest.xml:2:1-11:12
INJECTED from src/debug/AndroidManifest.xml:17:1-26:12
INJECTED from src/debug/AndroidManifest.xml:17:1-26:12
INJECTED from src/debug/AndroidManifest.xml:17:1-26:12
	package
		ADDED from src/main/AndroidManifest.xml:19:5-41
		INJECTED from src/main/AndroidManifest.xml
		INJECTED from src/debug/AndroidManifest.xml
	android:versionName
		INJECTED from src/main/AndroidManifest.xml
		ADDED from src/main/AndroidManifest.xml:17:1-40:12
		INJECTED from src/debug/AndroidManifest.xml
	xmlns:tools
		ADDED from src/main/AndroidManifest.xml:18:5-51
	android:versionCode
		INJECTED from src/main/AndroidManifest.xml
		ADDED from src/main/AndroidManifest.xml:17:1-40:12
		INJECTED from src/debug/AndroidManifest.xml
	xmlns:android
		ADDED from src/main/AndroidManifest.xml:17:11-69
uses-permission#android.permission.INTERNET
ADDED from src/main/AndroidManifest.xml:21:5-67
MERGED from src/main/AndroidManifest.xml:21:5-67
MERGED from src/main/AndroidManifest.xml:21:5-67
	android:name
		ADDED from src/main/AndroidManifest.xml:21:22-64
application
ADDED from src/main/AndroidManifest.xml:22:5-38:19
MERGED from src/main/AndroidManifest.xml:22:5-38:19
MERGED from src/main/AndroidManifest.xml:22:5-38:19
MERGED from [android.arch.lifecycle:extensions:1.1.1] AndroidManifest.xml:22:5-28:19
MERGED from [android.arch.lifecycle:extensions:1.1.1] AndroidManifest.xml:22:5-28:19
MERGED from [com.github.bumptech.glide:glide:4.7.1] AndroidManifest.xml:11:5-20
MERGED from [com.github.bumptech.glide:glide:4.7.1] AndroidManifest.xml:11:5-20
MERGED from [com.android.support.constraint:constraint-layout:1.0.2] AndroidManifest.xml:9:5-20
MERGED from [com.android.support.constraint:constraint-layout:1.0.2] AndroidManifest.xml:9:5-20
MERGED from [com.jakewharton.timber:timber:4.5.1] AndroidManifest.xml:8:5-20
MERGED from [com.jakewharton.timber:timber:4.5.1] AndroidManifest.xml:8:5-20
MERGED from [com.github.bumptech.glide:gifdecoder:4.7.1] AndroidManifest.xml:9:5-20
MERGED from [com.github.bumptech.glide:gifdecoder:4.7.1] AndroidManifest.xml:9:5-20
	android:supportsRtl
		ADDED from src/main/AndroidManifest.xml:28:9-35
		ADDED from src/main/AndroidManifest.xml:28:9-35
	android:label
		ADDED from src/main/AndroidManifest.xml:26:9-41
		ADDED from src/main/AndroidManifest.xml:26:9-41
	tools:ignore
		ADDED from src/main/AndroidManifest.xml:30:9-48
	android:roundIcon
		ADDED from src/main/AndroidManifest.xml:27:9-54
		ADDED from src/main/AndroidManifest.xml:27:9-54
	android:icon
		ADDED from src/main/AndroidManifest.xml:25:9-43
		ADDED from src/main/AndroidManifest.xml:25:9-43
	android:allowBackup
		ADDED from src/main/AndroidManifest.xml:24:9-36
		ADDED from src/main/AndroidManifest.xml:24:9-36
	android:theme
		ADDED from src/main/AndroidManifest.xml:29:9-40
		ADDED from src/main/AndroidManifest.xml:29:9-40
	android:name
		ADDED from src/main/AndroidManifest.xml:23:9-34
		ADDED from src/main/AndroidManifest.xml:23:9-34
activity#com.android.example.github.MainActivity
ADDED from src/main/AndroidManifest.xml:31:9-36:20
	android:name
		ADDED from src/main/AndroidManifest.xml:31:19-47
intent-filter#action:name:android.intent.action.MAIN+category:name:android.intent.category.LAUNCHER
ADDED from src/main/AndroidManifest.xml:32:13-35:29
action#android.intent.action.MAIN
ADDED from src/main/AndroidManifest.xml:33:17-69
	android:name
		ADDED from src/main/AndroidManifest.xml:33:25-66
category#android.intent.category.LAUNCHER
ADDED from src/main/AndroidManifest.xml:34:17-77
	android:name
		ADDED from src/main/AndroidManifest.xml:34:27-74
activity#com.android.example.github.testing.SingleFragmentActivity
ADDED from src/main/AndroidManifest.xml:37:9-77
MERGED from src/main/AndroidManifest.xml:37:9-77
MERGED from src/main/AndroidManifest.xml:37:9-77
	android:name
		ADDED from src/main/AndroidManifest.xml:37:19-65
uses-sdk
INJECTED from src/main/AndroidManifest.xml reason: use-sdk injection requested
INJECTED from src/main/AndroidManifest.xml
INJECTED from src/main/AndroidManifest.xml
MERGED from [com.android.databinding:adapters:3.3.0-alpha04] AndroidManifest.xml:22:5-44
MERGED from [com.android.databinding:adapters:3.3.0-alpha04] AndroidManifest.xml:22:5-44
MERGED from [com.android.databinding:library:3.3.0-alpha04] AndroidManifest.xml:22:5-44
MERGED from [com.android.databinding:library:3.3.0-alpha04] AndroidManifest.xml:22:5-44
MERGED from [com.android.support:design:27.1.1] AndroidManifest.xml:20:5-44
MERGED from [com.android.support:design:27.1.1] AndroidManifest.xml:20:5-44
MERGED from [com.google.dagger:dagger-android-support:2.15] AndroidManifest.xml:20:5-44
MERGED from [com.google.dagger:dagger-android-support:2.15] AndroidManifest.xml:20:5-44
MERGED from [com.android.support:appcompat-v7:27.1.1] AndroidManifest.xml:20:5-44
MERGED from [com.android.support:appcompat-v7:27.1.1] AndroidManifest.xml:20:5-44
MERGED from [com.android.support:recyclerview-v7:27.1.1] AndroidManifest.xml:20:5-44
MERGED from [com.android.support:recyclerview-v7:27.1.1] AndroidManifest.xml:20:5-44
MERGED from [com.android.support:cardview-v7:27.1.1] AndroidManifest.xml:20:5-44
MERGED from [com.android.support:cardview-v7:27.1.1] AndroidManifest.xml:20:5-44
MERGED from [android.arch.navigation:navigation-fragment-ktx:1.0.0-alpha04] AndroidManifest.xml:20:5-44
MERGED from [android.arch.navigation:navigation-fragment-ktx:1.0.0-alpha04] AndroidManifest.xml:20:5-44
MERGED from [android.arch.persistence.room:runtime:1.1.1] AndroidManifest.xml:20:5-44
MERGED from [android.arch.persistence.room:runtime:1.1.1] AndroidManifest.xml:20:5-44
MERGED from [android.arch.lifecycle:extensions:1.1.1] AndroidManifest.xml:20:5-44
MERGED from [android.arch.lifecycle:extensions:1.1.1] AndroidManifest.xml:20:5-44
MERGED from [com.github.bumptech.glide:glide:4.7.1] AndroidManifest.xml:7:5-9:41
MERGED from [com.github.bumptech.glide:glide:4.7.1] AndroidManifest.xml:7:5-9:41
MERGED from [com.android.support:support-v4:27.1.1] AndroidManifest.xml:20:5-44
MERGED from [com.android.support:support-v4:27.1.1] AndroidManifest.xml:20:5-44
MERGED from [android.arch.navigation:navigation-fragment:1.0.0-alpha04] AndroidManifest.xml:20:5-44
MERGED from [android.arch.navigation:navigation-fragment:1.0.0-alpha04] AndroidManifest.xml:20:5-44
MERGED from [com.android.support:support-fragment:27.1.1] AndroidManifest.xml:20:5-44
MERGED from [com.android.support:support-fragment:27.1.1] AndroidManifest.xml:20:5-44
MERGED from [com.android.support:animated-vector-drawable:27.1.1] AndroidManifest.xml:20:5-44
MERGED from [com.android.support:animated-vector-drawable:27.1.1] AndroidManifest.xml:20:5-44
MERGED from [com.android.support:support-core-ui:27.1.1] AndroidManifest.xml:20:5-44
MERGED from [com.android.support:support-core-ui:27.1.1] AndroidManifest.xml:20:5-44
MERGED from [android.arch.navigation:navigation-runtime-ktx:1.0.0-alpha04] AndroidManifest.xml:20:5-44
MERGED from [android.arch.navigation:navigation-runtime-ktx:1.0.0-alpha04] AndroidManifest.xml:20:5-44
MERGED from [android.arch.navigation:navigation-runtime:1.0.0-alpha04] AndroidManifest.xml:20:5-44
MERGED from [android.arch.navigation:navigation-runtime:1.0.0-alpha04] AndroidManifest.xml:20:5-44
MERGED from [com.android.support:support-core-utils:27.1.1] AndroidManifest.xml:20:5-44
MERGED from [com.android.support:support-core-utils:27.1.1] AndroidManifest.xml:20:5-44
MERGED from [com.android.support:support-vector-drawable:27.1.1] AndroidManifest.xml:20:5-44
MERGED from [com.android.support:support-vector-drawable:27.1.1] AndroidManifest.xml:20:5-44
MERGED from [com.android.support:transition:27.1.1] AndroidManifest.xml:20:5-44
MERGED from [com.android.support:transition:27.1.1] AndroidManifest.xml:20:5-44
MERGED from [com.android.support:support-media-compat:27.1.1] AndroidManifest.xml:20:5-44
MERGED from [com.android.support:support-media-compat:27.1.1] AndroidManifest.xml:20:5-44
MERGED from [android.arch.navigation:navigation-common-ktx:1.0.0-alpha04] AndroidManifest.xml:20:5-44
MERGED from [android.arch.navigation:navigation-common-ktx:1.0.0-alpha04] AndroidManifest.xml:20:5-44
MERGED from [android.arch.navigation:navigation-common:1.0.0-alpha04] AndroidManifest.xml:20:5-44
MERGED from [android.arch.navigation:navigation-common:1.0.0-alpha04] AndroidManifest.xml:20:5-44
MERGED from [com.android.support:support-compat:27.1.1] AndroidManifest.xml:20:5-44
MERGED from [com.android.support:support-compat:27.1.1] AndroidManifest.xml:20:5-44
MERGED from [android.arch.lifecycle:runtime:1.1.1] AndroidManifest.xml:20:5-44
MERGED from [android.arch.lifecycle:runtime:1.1.1] AndroidManifest.xml:20:5-44
MERGED from [com.google.dagger:dagger-android:2.15] AndroidManifest.xml:20:5-44
MERGED from [com.google.dagger:dagger-android:2.15] AndroidManifest.xml:20:5-44
MERGED from [com.android.support.constraint:constraint-layout:1.0.2] AndroidManifest.xml:5:5-7:41
MERGED from [com.android.support.constraint:constraint-layout:1.0.2] AndroidManifest.xml:5:5-7:41
MERGED from [com.jakewharton.timber:timber:4.5.1] AndroidManifest.xml:6:5-43
MERGED from [com.jakewharton.timber:timber:4.5.1] AndroidManifest.xml:6:5-43
MERGED from [android.arch.persistence:db-framework:1.1.1] AndroidManifest.xml:20:5-44
MERGED from [android.arch.persistence:db-framework:1.1.1] AndroidManifest.xml:20:5-44
MERGED from [android.arch.persistence:db:1.1.1] AndroidManifest.xml:20:5-44
MERGED from [android.arch.persistence:db:1.1.1] AndroidManifest.xml:20:5-44
MERGED from [android.arch.lifecycle:livedata:1.1.1] AndroidManifest.xml:20:5-44
MERGED from [android.arch.lifecycle:livedata:1.1.1] AndroidManifest.xml:20:5-44
MERGED from [android.arch.lifecycle:livedata-core:1.1.1] AndroidManifest.xml:20:5-44
MERGED from [android.arch.lifecycle:livedata-core:1.1.1] AndroidManifest.xml:20:5-44
MERGED from [android.arch.core:runtime:1.1.1] AndroidManifest.xml:20:5-44
MERGED from [android.arch.core:runtime:1.1.1] AndroidManifest.xml:20:5-44
MERGED from [android.arch.lifecycle:viewmodel:1.1.1] AndroidManifest.xml:20:5-44
MERGED from [android.arch.lifecycle:viewmodel:1.1.1] AndroidManifest.xml:20:5-44
MERGED from [com.github.bumptech.glide:gifdecoder:4.7.1] AndroidManifest.xml:5:5-7:41
MERGED from [com.github.bumptech.glide:gifdecoder:4.7.1] AndroidManifest.xml:5:5-7:41
INJECTED from src/debug/AndroidManifest.xml
INJECTED from src/debug/AndroidManifest.xml
	android:targetSdkVersion
		INJECTED from src/main/AndroidManifest.xml
		INJECTED from src/debug/AndroidManifest.xml
	android:minSdkVersion
		INJECTED from src/main/AndroidManifest.xml
		INJECTED from src/debug/AndroidManifest.xml
provider#android.arch.lifecycle.ProcessLifecycleOwnerInitializer
ADDED from [android.arch.lifecycle:extensions:1.1.1] AndroidManifest.xml:23:9-27:43
	android:authorities
		ADDED from [android.arch.lifecycle:extensions:1.1.1] AndroidManifest.xml:25:13-68
	android:multiprocess
		ADDED from [android.arch.lifecycle:extensions:1.1.1] AndroidManifest.xml:27:13-40
	android:exported
		ADDED from [android.arch.lifecycle:extensions:1.1.1] AndroidManifest.xml:26:13-37
	android:name
		ADDED from [android.arch.lifecycle:extensions:1.1.1] AndroidManifest.xml:24:13-83